[2020-07-09 22:28:45] logger.INFO: Request method: GETapi/users [] []
[2020-07-09 22:28:45] logger.INFO: Request parsed body: null [] []
[2020-07-09 22:32:30] logger.INFO: Request method: GETapi/users [] []
[2020-07-09 22:32:30] logger.INFO: Request parsed body: null [] []
[2020-07-09 22:35:38] logger.INFO: Request method: GETapi/users [] []
[2020-07-09 22:35:38] logger.INFO: Request parsed body: null [] []
[2020-07-09 22:35:41] logger.INFO: Request method: GETapi/events [] []
[2020-07-09 22:35:41] logger.INFO: Request parsed body: null [] []
[2020-07-09 22:35:46] logger.INFO: Request method: POSTapi/events [] []
[2020-07-09 22:35:46] logger.INFO: Request parsed body: {"data":{"event":{"name":"Meeting3 ","location":"Centru3 ","description":"Impotriva COVID","from":"2020-07-25","to":"2020-07-27"}}} [] []
[2020-07-09 22:35:49] logger.INFO: Request method: GETapi/events [] []
[2020-07-09 22:35:49] logger.INFO: Request parsed body: null [] []
[2020-07-09 22:36:47] logger.INFO: Request method: GETapi/logout [] []
[2020-07-09 22:36:47] logger.INFO: Request parsed body: null [] []
[2020-07-09 22:37:13] logger.INFO: Request method: GETapi/logout [] []
[2020-07-09 22:37:13] logger.INFO: Request parsed body: null [] []
[2020-07-09 22:39:06] logger.INFO: Request method: GETapi/logout [] []
[2020-07-09 22:39:06] logger.INFO: Request parsed body: null [] []
[2020-07-09 22:39:10] logger.INFO: Request method: GETapi/users [] []
[2020-07-09 22:39:10] logger.INFO: Request parsed body: null [] []
[2020-07-09 23:01:24] logger.INFO: Request method: POSTapi/users [] []
[2020-07-09 23:01:24] logger.INFO: Request parsed body: {"data":{"user":{"firstname":"Nicu","lastname":"Pop","email":"nicu.pop@gmail.com","phone":"123123123","password":"123123"}}} [] []
[2020-07-09 23:01:46] logger.INFO: Request method: POSTapi/login [] []
[2020-07-09 23:01:46] logger.INFO: Request parsed body: {"data":{"email":"nicu.pop@gmail.com","password":"123123"}} [] []
[2020-07-09 23:02:19] logger.INFO: Request method: POSTapi/login [] []
[2020-07-09 23:02:19] logger.INFO: Request parsed body: {"data":{"email":"nicu.pop@gmail.com","password":"123123"}} [] []
[2020-07-09 23:03:23] logger.INFO: Request method: GETapi/events [] []
[2020-07-09 23:03:23] logger.INFO: Request parsed body: null [] []
[2020-07-09 23:03:53] logger.INFO: Request method: GETapi/events [] []
[2020-07-09 23:03:53] logger.INFO: Request parsed body: null [] []
[2020-07-09 23:04:21] logger.INFO: Request method: GETapi/events [] []
[2020-07-09 23:04:21] logger.INFO: Request parsed body: null [] []
[2020-07-09 23:04:50] logger.INFO: Request method: GETapi/events [] []
[2020-07-09 23:04:50] logger.INFO: Request parsed body: null [] []
[2020-07-09 23:05:46] logger.INFO: Request method: GETapi/events [] []
[2020-07-09 23:05:46] logger.INFO: Request parsed body: null [] []
[2020-07-09 23:06:26] logger.INFO: Request method: GETapi/users [] []
[2020-07-09 23:06:26] logger.INFO: Request parsed body: null [] []
[2020-07-09 23:06:41] logger.INFO: Request method: GETapi/users/48 [] []
[2020-07-09 23:06:41] logger.INFO: Request parsed body: null [] []
[2020-07-09 23:06:46] logger.INFO: Request method: GETapi/users/42 [] []
[2020-07-09 23:06:46] logger.INFO: Request parsed body: null [] []
[2020-07-09 23:10:09] logger.INFO: Request method: GETapi/events [] []
[2020-07-09 23:10:09] logger.INFO: Request parsed body: null [] []
[2020-07-09 23:10:51] logger.INFO: Request method: POSTapi/events [] []
[2020-07-09 23:10:51] logger.INFO: Request parsed body: {"data":{"event":{"name":"Meeting MAME","location":"Iasi","description":"Impotriva AVORT","from":"2020-07-27","to":"2020-07-29"}}} [] []
[2020-07-09 23:11:02] logger.INFO: Request method: GETapi/events [] []
[2020-07-09 23:11:02] logger.INFO: Request parsed body: null [] []
[2020-07-09 23:11:38] logger.INFO: Request method: GETapi/events [] []
[2020-07-09 23:11:38] logger.INFO: Request parsed body: null [] []
[2020-07-09 23:13:22] logger.INFO: Request method: GETapi/events [] []
[2020-07-09 23:13:22] logger.INFO: Request parsed body: null [] []
[2020-07-09 23:13:57] logger.INFO: Request method: PATCHapi/events/3 [] []
[2020-07-09 23:13:57] logger.INFO: Request parsed body: {"data":{"event":{"name":"Sedinta Parinti"}}} [] []
[2020-07-09 23:15:07] logger.INFO: Request method: PATCHapi/events/3 [] []
[2020-07-09 23:15:07] logger.INFO: Request parsed body: {"data":{"event":{"name":"Sedinta Parinti"}}} [] []
[2020-07-09 23:15:59] logger.INFO: Request method: DELETEapi/events/3 [] []
[2020-07-09 23:15:59] logger.INFO: Request parsed body: {"data":[]} [] []
[2020-07-09 23:16:25] logger.INFO: Request method: DELETEapi/events/3 [] []
[2020-07-09 23:16:25] logger.INFO: Request parsed body: {"data":[]} [] []
[2020-07-09 23:16:36] logger.INFO: Request method: GETapi/events [] []
[2020-07-09 23:16:36] logger.INFO: Request parsed body: null [] []
[2020-07-09 23:17:01] logger.INFO: Request method: GETapi/users [] []
[2020-07-09 23:17:01] logger.INFO: Request parsed body: null [] []
