[2020-07-10 15:11:53] logger.INFO: Request method: POSTapi/login [] []
[2020-07-10 15:11:53] logger.INFO: Request parsed body: {"data":{"email":"nicoleta.pop@gmail.com","password":"321321"}} [] []
[2020-07-10 15:12:16] logger.INFO: Request method: POSTapi/login [] []
[2020-07-10 15:12:16] logger.INFO: Request parsed body: {"data":{"email":"nicoleta.pop@gmail.com","password":"321321"}} [] []
[2020-07-10 15:14:50] logger.INFO: Request method: POSTapi/users [] []
[2020-07-10 15:14:50] logger.INFO: Request parsed body: {"data":{"user":{"firstname":"Nicoleta","lastname":"Pop","email":"nicoleta.pop@gmail.com","phone":"123123123","password":"321321"}}} [] []
[2020-07-10 15:17:15] logger.INFO: Request method: POSTapi/users [] []
[2020-07-10 15:17:15] logger.INFO: Request parsed body: {"data":{"user":{"firstname":"Nicoleta","lastname":"Pop","email":"nicoleta.pop@gmail.com","phone":"123123123","password":"321321"}}} [] []
[2020-07-10 15:20:29] logger.INFO: Request method: POSTapi/users [] []
[2020-07-10 15:20:29] logger.INFO: Request parsed body: {"data":{"user":{"firstname":"Nicoleta","lastname":"Pop","email":"nicoleta.pop@gmail.com","phone":"123123123","password":"321321"}}} [] []
[2020-07-10 15:22:54] logger.INFO: Request method: POSTapi/login [] []
[2020-07-10 15:22:54] logger.INFO: Request parsed body: {"data":{"email":"nicoleta.pop@gmail.com","password":"321321"}} [] []
[2020-07-10 15:24:36] logger.INFO: Request method: POSTapi/events [] []
[2020-07-10 15:24:36] logger.INFO: Request parsed body: {"data":{"event":{"name":"Meeting MAME","location":"Timisoara","description":"Cresterea unui copil s anatos","from":"2020-08-01","to":"2020-08-02"}}} [] []
[2020-07-10 15:26:25] logger.INFO: Request method: POSTapi/events [] []
[2020-07-10 15:26:25] logger.INFO: Request parsed body: {"data":{"event":{"name":"Meeting MAME","location":"Timisoara","description":"Cresterea unui copil s anatos","from":"2020-08-01","to":"2020-08-02"}}} [] []
[2020-07-10 15:27:10] logger.INFO: Request method: GETapi/events [] []
[2020-07-10 15:27:10] logger.INFO: Request parsed body: null [] []
[2020-07-10 15:27:56] logger.INFO: Request method: GETapi/events/8 [] []
[2020-07-10 15:27:56] logger.INFO: Request parsed body: null [] []
[2020-07-10 15:28:20] logger.INFO: Request method: GETapi/users [] []
[2020-07-10 15:28:20] logger.INFO: Request parsed body: null [] []
